This is pdfTeX, Version 3.141592653-2.6-1.40.29 (TeX Live 2026) (preloaded format=pdflatex 2026.3.22)  7 MAY 2026 10:31
entering extended mode
 restricted \write18 enabled.
 %&-line parsing enabled.
**paper-04-rational-dilation-externalization.tex
(./paper-04-rational-dilation-externalization.tex
LaTeX2e <2025-11-01>
L3 programming layer <2026-01-19>
(/usr/local/texlive/2026/texmf-dist/tex/latex/base/article.cls
Document Class: article 2025/01/22 v1.4n Standard LaTeX document class
(/usr/local/texlive/2026/texmf-dist/tex/latex/base/size12.clo
File: size12.clo 2025/01/22 v1.4n Standard LaTeX file (size option)
)
\c@part=\count275
\c@section=\count276
\c@subsection=\count277
\c@subsubsection=\count278
\c@paragraph=\count279
\c@subparagraph=\count280
\c@figure=\count281
\c@table=\count282
\abovecaptionskip=\skip49
\belowcaptionskip=\skip50
\bibindent=\dimen148
)
(/usr/local/texlive/2026/texmf-dist/tex/latex/amsmath/amsmath.sty
Package: amsmath 2025/07/09 v2.17z AMS math features
\@mathmargin=\skip51

For additional information on amsmath, use the `?' option.
(/usr/local/texlive/2026/texmf-dist/tex/latex/amsmath/amstext.sty
Package: amstext 2024/11/17 v2.01 AMS text

(/usr/local/texlive/2026/texmf-dist/tex/latex/amsmath/amsgen.sty
File: amsgen.sty 1999/11/30 v2.0 generic functions
\@emptytoks=\toks17
\ex@=\dimen149
))
(/usr/local/texlive/2026/texmf-dist/tex/latex/amsmath/amsbsy.sty
Package: amsbsy 1999/11/29 v1.2d Bold Symbols
\pmbraise@=\dimen150
)
(/usr/local/texlive/2026/texmf-dist/tex/latex/amsmath/amsopn.sty
Package: amsopn 2022/04/08 v2.04 operator names
)
\inf@bad=\count283
LaTeX Info: Redefining \frac on input line 233.
\uproot@=\count284
\leftroot@=\count285
LaTeX Info: Redefining \overline on input line 398.
LaTeX Info: Redefining \colon on input line 409.
\classnum@=\count286
\DOTSCASE@=\count287
LaTeX Info: Redefining \ldots on input line 495.
LaTeX Info: Redefining \dots on input line 498.
LaTeX Info: Redefining \cdots on input line 619.
\Mathstrutbox@=\box53
\strutbox@=\box54
LaTeX Info: Redefining \big on input line 721.
LaTeX Info: Redefining \Big on input line 722.
LaTeX Info: Redefining \bigg on input line 723.
LaTeX Info: Redefining \Bigg on input line 724.
\big@size=\dimen151
LaTeX Font Info:    Redeclaring font encoding OML on input line 742.
LaTeX Font Info:    Redeclaring font encoding OMS on input line 743.
\macc@depth=\count288
LaTeX Info: Redefining \bmod on input line 904.
LaTeX Info: Redefining \pmod on input line 909.
LaTeX Info: Redefining \smash on input line 939.
LaTeX Info: Redefining \relbar on input line 969.
LaTeX Info: Redefining \Relbar on input line 970.
\c@MaxMatrixCols=\count289
\dotsspace@=\muskip17
\c@parentequation=\count290
\dspbrk@lvl=\count291
\tag@help=\toks18
\row@=\count292
\column@=\count293
\maxfields@=\count294
\andhelp@=\toks19
\eqnshift@=\dimen152
\alignsep@=\dimen153
\tagshift@=\dimen154
\tagwidth@=\dimen155
\totwidth@=\dimen156
\lineht@=\dimen157
\@envbody=\toks20
\multlinegap=\skip52
\multlinetaggap=\skip53
\mathdisplay@stack=\toks21
LaTeX Info: Redefining \[ on input line 2950.
LaTeX Info: Redefining \] on input line 2951.
)
(/usr/local/texlive/2026/texmf-dist/tex/latex/amsfonts/amssymb.sty
Package: amssymb 2013/01/14 v3.01 AMS font symbols

(/usr/local/texlive/2026/texmf-dist/tex/latex/amsfonts/amsfonts.sty
Package: amsfonts 2013/01/14 v3.01 Basic AMSFonts support
\symAMSa=\mathgroup4
\symAMSb=\mathgroup5
LaTeX Font Info:    Redeclaring math symbol \hbar on input line 98.
LaTeX Font Info:    Overwriting math alphabet `\mathfrak' in version `bold'
(Font)                  U/euf/m/n --> U/euf/b/n on input line 106.
))
(/usr/local/texlive/2026/texmf-dist/tex/latex/amscls/amsthm.sty
Package: amsthm 2020/05/29 v2.20.6
\thm@style=\toks22
\thm@bodyfont=\toks23
\thm@headfont=\toks24
\thm@notefont=\toks25
\thm@headpunct=\toks26
\thm@preskip=\skip54
\thm@postskip=\skip55
\thm@headsep=\skip56
\dth@everypar=\toks27
)
(/usr/local/texlive/2026/texmf-dist/tex/latex/tikz-cd/tikz-cd.sty
Package: tikz-cd 2021/05/04 v1.0 Commutative diagrams with TikZ

(/usr/local/texlive/2026/texmf-dist/tex/latex/pgf/frontendlayer/tikz.sty
(/usr/local/texlive/2026/texmf-dist/tex/latex/pgf/basiclayer/pgf.sty
(/usr/local/texlive/2026/texmf-dist/tex/latex/pgf/utilities/pgfrcs.sty
(/usr/local/texlive/2026/texmf-dist/tex/generic/pgf/utilities/pgfutil-common.te
x
\pgfutil@everybye=\toks28
\pgfutil@tempdima=\dimen158
\pgfutil@tempdimb=\dimen159
)
(/usr/local/texlive/2026/texmf-dist/tex/generic/pgf/utilities/pgfutil-latex.def
\pgfutil@abb=\box55
) (/usr/local/texlive/2026/texmf-dist/tex/generic/pgf/utilities/pgfrcs.code.tex
(/usr/local/texlive/2026/texmf-dist/tex/generic/pgf/pgf.revision.tex)
Package: pgfrcs 2025-08-29 v3.1.11a (3.1.11a)
))
Package: pgf 2025-08-29 v3.1.11a (3.1.11a)

(/usr/local/texlive/2026/texmf-dist/tex/latex/pgf/basiclayer/pgfcore.sty
(/usr/local/texlive/2026/texmf-dist/tex/latex/graphics/graphicx.sty
Package: graphicx 2024/12/31 v1.2e Enhanced LaTeX Graphics (DPC,SPQR)

(/usr/local/texlive/2026/texmf-dist/tex/latex/graphics/keyval.sty
Package: keyval 2022/05/29 v1.15 key=value parser (DPC)
\KV@toks@=\toks29
)
(/usr/local/texlive/2026/texmf-dist/tex/latex/graphics/graphics.sty
Package: graphics 2024/08/06 v1.4g Standard LaTeX Graphics (DPC,SPQR)

(/usr/local/texlive/2026/texmf-dist/tex/latex/graphics/trig.sty
Package: trig 2023/12/02 v1.11 sin cos tan (DPC)
)
(/usr/local/texlive/2026/texmf-dist/tex/latex/graphics-cfg/graphics.cfg
File: graphics.cfg 2016/06/04 v1.11 sample graphics configuration
)
Package graphics Info: Driver file: pdftex.def on input line 106.

(/usr/local/texlive/2026/texmf-dist/tex/latex/graphics-def/pdftex.def
File: pdftex.def 2025/09/29 v1.2d Graphics/color driver for pdftex
))
\Gin@req@height=\dimen160
\Gin@req@width=\dimen161
)
(/usr/local/texlive/2026/texmf-dist/tex/latex/pgf/systemlayer/pgfsys.sty
(/usr/local/texlive/2026/texmf-dist/tex/generic/pgf/systemlayer/pgfsys.code.tex
Package: pgfsys 2025-08-29 v3.1.11a (3.1.11a)
(/usr/local/texlive/2026/texmf-dist/tex/generic/pgf/utilities/pgfkeys.code.tex
\pgfkeys@pathtoks=\toks30
\pgfkeys@temptoks=\toks31

(/usr/local/texlive/2026/texmf-dist/tex/generic/pgf/utilities/pgfkeyslibraryfil
tered.code.tex
\pgfkeys@tmptoks=\toks32
))
\pgf@x=\dimen162
\pgf@y=\dimen163
\pgf@xa=\dimen164
\pgf@ya=\dimen165
\pgf@xb=\dimen166
\pgf@yb=\dimen167
\pgf@xc=\dimen168
\pgf@yc=\dimen169
\pgf@xd=\dimen170
\pgf@yd=\dimen171
\w@pgf@writea=\write3
\r@pgf@reada=\read2
\c@pgf@counta=\count295
\c@pgf@countb=\count296
\c@pgf@countc=\count297
\c@pgf@countd=\count298
\t@pgf@toka=\toks33
\t@pgf@tokb=\toks34
\t@pgf@tokc=\toks35
\pgf@sys@id@count=\count299

(/usr/local/texlive/2026/texmf-dist/tex/generic/pgf/systemlayer/pgf.cfg
File: pgf.cfg 2025-08-29 v3.1.11a (3.1.11a)
)
Driver file for pgf: pgfsys-pdftex.def

(/usr/local/texlive/2026/texmf-dist/tex/generic/pgf/systemlayer/pgfsys-pdftex.d
ef
File: pgfsys-pdftex.def 2025-08-29 v3.1.11a (3.1.11a)

(/usr/local/texlive/2026/texmf-dist/tex/generic/pgf/systemlayer/pgfsys-common-p
df.def
File: pgfsys-common-pdf.def 2025-08-29 v3.1.11a (3.1.11a)
)))
(/usr/local/texlive/2026/texmf-dist/tex/generic/pgf/systemlayer/pgfsyssoftpath.
code.tex
File: pgfsyssoftpath.code.tex 2025-08-29 v3.1.11a (3.1.11a)
\pgfsyssoftpath@smallbuffer@items=\count300
\pgfsyssoftpath@bigbuffer@items=\count301
)
(/usr/local/texlive/2026/texmf-dist/tex/generic/pgf/systemlayer/pgfsysprotocol.
code.tex
File: pgfsysprotocol.code.tex 2025-08-29 v3.1.11a (3.1.11a)
)) (/usr/local/texlive/2026/texmf-dist/tex/latex/xcolor/xcolor.sty
Package: xcolor 2024/09/29 v3.02 LaTeX color extensions (UK)

(/usr/local/texlive/2026/texmf-dist/tex/latex/graphics-cfg/color.cfg
File: color.cfg 2016/01/02 v1.6 sample color configuration
)
Package xcolor Info: Driver file: pdftex.def on input line 274.

(/usr/local/texlive/2026/texmf-dist/tex/latex/graphics/mathcolor.ltx)
Package xcolor Info: Model `cmy' substituted by `cmy0' on input line 1349.
Package xcolor Info: Model `hsb' substituted by `rgb' on input line 1353.
Package xcolor Info: Model `RGB' extended on input line 1365.
Package xcolor Info: Model `HTML' substituted by `rgb' on input line 1367.
Package xcolor Info: Model `Hsb' substituted by `hsb' on input line 1368.
Package xcolor Info: Model `tHsb' substituted by `hsb' on input line 1369.
Package xcolor Info: Model `HSB' substituted by `hsb' on input line 1370.
Package xcolor Info: Model `Gray' substituted by `gray' on input line 1371.
Package xcolor Info: Model `wave' substituted by `hsb' on input line 1372.
)
(/usr/local/texlive/2026/texmf-dist/tex/generic/pgf/basiclayer/pgfcore.code.tex
Package: pgfcore 2025-08-29 v3.1.11a (3.1.11a)
(/usr/local/texlive/2026/texmf-dist/tex/generic/pgf/math/pgfmath.code.tex
(/usr/local/texlive/2026/texmf-dist/tex/generic/pgf/math/pgfmathutil.code.tex)
(/usr/local/texlive/2026/texmf-dist/tex/generic/pgf/math/pgfmathparser.code.tex
\pgfmath@dimen=\dimen172
\pgfmath@count=\count302
\pgfmath@box=\box56
\pgfmath@toks=\toks36
\pgfmath@stack@operand=\toks37
\pgfmath@stack@operation=\toks38
)
(/usr/local/texlive/2026/texmf-dist/tex/generic/pgf/math/pgfmathfunctions.code.
tex)
(/usr/local/texlive/2026/texmf-dist/tex/generic/pgf/math/pgfmathfunctions.basic
.code.tex)
(/usr/local/texlive/2026/texmf-dist/tex/generic/pgf/math/pgfmathfunctions.trigo
nometric.code.tex)
(/usr/local/texlive/2026/texmf-dist/tex/generic/pgf/math/pgfmathfunctions.rando
m.code.tex)
(/usr/local/texlive/2026/texmf-dist/tex/generic/pgf/math/pgfmathfunctions.compa
rison.code.tex)
(/usr/local/texlive/2026/texmf-dist/tex/generic/pgf/math/pgfmathfunctions.base.
code.tex)
(/usr/local/texlive/2026/texmf-dist/tex/generic/pgf/math/pgfmathfunctions.round
.code.tex)
(/usr/local/texlive/2026/texmf-dist/tex/generic/pgf/math/pgfmathfunctions.misc.
code.tex)
(/usr/local/texlive/2026/texmf-dist/tex/generic/pgf/math/pgfmathfunctions.integ
erarithmetics.code.tex)
(/usr/local/texlive/2026/texmf-dist/tex/generic/pgf/math/pgfmathcalc.code.tex)
(/usr/local/texlive/2026/texmf-dist/tex/generic/pgf/math/pgfmathfloat.code.tex
\c@pgfmathroundto@lastzeros=\count303
)) (/usr/local/texlive/2026/texmf-dist/tex/generic/pgf/math/pgfint.code.tex)
(/usr/local/texlive/2026/texmf-dist/tex/generic/pgf/basiclayer/pgfcorepoints.co
de.tex
File: pgfcorepoints.code.tex 2025-08-29 v3.1.11a (3.1.11a)
\pgf@picminx=\dimen173
\pgf@picmaxx=\dimen174
\pgf@picminy=\dimen175
\pgf@picmaxy=\dimen176
\pgf@pathminx=\dimen177
\pgf@pathmaxx=\dimen178
\pgf@pathminy=\dimen179
\pgf@pathmaxy=\dimen180
\pgf@xx=\dimen181
\pgf@xy=\dimen182
\pgf@yx=\dimen183
\pgf@yy=\dimen184
\pgf@zx=\dimen185
\pgf@zy=\dimen186
)
(/usr/local/texlive/2026/texmf-dist/tex/generic/pgf/basiclayer/pgfcorepathconst
ruct.code.tex
File: pgfcorepathconstruct.code.tex 2025-08-29 v3.1.11a (3.1.11a)
\pgf@path@lastx=\dimen187
\pgf@path@lasty=\dimen188
)
(/usr/local/texlive/2026/texmf-dist/tex/generic/pgf/basiclayer/pgfcorepathusage
.code.tex
File: pgfcorepathusage.code.tex 2025-08-29 v3.1.11a (3.1.11a)
\pgf@shorten@end@additional=\dimen189
\pgf@shorten@start@additional=\dimen190
)
(/usr/local/texlive/2026/texmf-dist/tex/generic/pgf/basiclayer/pgfcorescopes.co
de.tex
File: pgfcorescopes.code.tex 2025-08-29 v3.1.11a (3.1.11a)
\pgfpic=\box57
\pgf@hbox=\box58
\pgf@layerbox@main=\box59
\pgf@picture@serial@count=\count304
)
(/usr/local/texlive/2026/texmf-dist/tex/generic/pgf/basiclayer/pgfcoregraphicst
ate.code.tex
File: pgfcoregraphicstate.code.tex 2025-08-29 v3.1.11a (3.1.11a)
\pgflinewidth=\dimen191
)
(/usr/local/texlive/2026/texmf-dist/tex/generic/pgf/basiclayer/pgfcoretransform
ations.code.tex
File: pgfcoretransformations.code.tex 2025-08-29 v3.1.11a (3.1.11a)
\pgf@pt@x=\dimen192
\pgf@pt@y=\dimen193
\pgf@pt@temp=\dimen194
)
(/usr/local/texlive/2026/texmf-dist/tex/generic/pgf/basiclayer/pgfcorequick.cod
e.tex
File: pgfcorequick.code.tex 2025-08-29 v3.1.11a (3.1.11a)
)
(/usr/local/texlive/2026/texmf-dist/tex/generic/pgf/basiclayer/pgfcoreobjects.c
ode.tex
File: pgfcoreobjects.code.tex 2025-08-29 v3.1.11a (3.1.11a)
)
(/usr/local/texlive/2026/texmf-dist/tex/generic/pgf/basiclayer/pgfcorepathproce
ssing.code.tex
File: pgfcorepathprocessing.code.tex 2025-08-29 v3.1.11a (3.1.11a)
)
(/usr/local/texlive/2026/texmf-dist/tex/generic/pgf/basiclayer/pgfcorearrows.co
de.tex
File: pgfcorearrows.code.tex 2025-08-29 v3.1.11a (3.1.11a)
\pgfarrowsep=\dimen195
)
(/usr/local/texlive/2026/texmf-dist/tex/generic/pgf/basiclayer/pgfcoreshade.cod
e.tex
File: pgfcoreshade.code.tex 2025-08-29 v3.1.11a (3.1.11a)
\pgf@max=\dimen196
\pgf@sys@shading@range@num=\count305
\pgf@shadingcount=\count306
)
(/usr/local/texlive/2026/texmf-dist/tex/generic/pgf/basiclayer/pgfcoreimage.cod
e.tex
File: pgfcoreimage.code.tex 2025-08-29 v3.1.11a (3.1.11a)
)
(/usr/local/texlive/2026/texmf-dist/tex/generic/pgf/basiclayer/pgfcoreexternal.
code.tex
File: pgfcoreexternal.code.tex 2025-08-29 v3.1.11a (3.1.11a)
\pgfexternal@startupbox=\box60
)
(/usr/local/texlive/2026/texmf-dist/tex/generic/pgf/basiclayer/pgfcorelayers.co
de.tex
File: pgfcorelayers.code.tex 2025-08-29 v3.1.11a (3.1.11a)
)
(/usr/local/texlive/2026/texmf-dist/tex/generic/pgf/basiclayer/pgfcoretranspare
ncy.code.tex
File: pgfcoretransparency.code.tex 2025-08-29 v3.1.11a (3.1.11a)
)
(/usr/local/texlive/2026/texmf-dist/tex/generic/pgf/basiclayer/pgfcorepatterns.
code.tex
File: pgfcorepatterns.code.tex 2025-08-29 v3.1.11a (3.1.11a)
)
(/usr/local/texlive/2026/texmf-dist/tex/generic/pgf/basiclayer/pgfcorerdf.code.
tex
File: pgfcorerdf.code.tex 2025-08-29 v3.1.11a (3.1.11a)
)))
(/usr/local/texlive/2026/texmf-dist/tex/generic/pgf/modules/pgfmoduleshapes.cod
e.tex
File: pgfmoduleshapes.code.tex 2025-08-29 v3.1.11a (3.1.11a)
\pgfnodeparttextbox=\box61
)
(/usr/local/texlive/2026/texmf-dist/tex/generic/pgf/modules/pgfmoduleplot.code.
tex
File: pgfmoduleplot.code.tex 2025-08-29 v3.1.11a (3.1.11a)
)
(/usr/local/texlive/2026/texmf-dist/tex/latex/pgf/compatibility/pgfcomp-version
-0-65.sty
Package: pgfcomp-version-0-65 2025-08-29 v3.1.11a (3.1.11a)
\pgf@nodesepstart=\dimen197
\pgf@nodesepend=\dimen198
)
(/usr/local/texlive/2026/texmf-dist/tex/latex/pgf/compatibility/pgfcomp-version
-1-18.sty
Package: pgfcomp-version-1-18 2025-08-29 v3.1.11a (3.1.11a)
))
(/usr/local/texlive/2026/texmf-dist/tex/latex/pgf/utilities/pgffor.sty
(/usr/local/texlive/2026/texmf-dist/tex/latex/pgf/utilities/pgfkeys.sty
(/usr/local/texlive/2026/texmf-dist/tex/generic/pgf/utilities/pgfkeys.code.tex)
) (/usr/local/texlive/2026/texmf-dist/tex/latex/pgf/math/pgfmath.sty
(/usr/local/texlive/2026/texmf-dist/tex/generic/pgf/math/pgfmath.code.tex))
(/usr/local/texlive/2026/texmf-dist/tex/generic/pgf/utilities/pgffor.code.tex
Package: pgffor 2025-08-29 v3.1.11a (3.1.11a)
\pgffor@iter=\dimen199
\pgffor@skip=\dimen256
\pgffor@stack=\toks39
\pgffor@toks=\toks40
))
(/usr/local/texlive/2026/texmf-dist/tex/generic/pgf/frontendlayer/tikz/tikz.cod
e.tex
Package: tikz 2025-08-29 v3.1.11a (3.1.11a)

(/usr/local/texlive/2026/texmf-dist/tex/generic/pgf/libraries/pgflibraryplothan
dlers.code.tex
File: pgflibraryplothandlers.code.tex 2025-08-29 v3.1.11a (3.1.11a)
\pgf@plot@mark@count=\count307
\pgfplotmarksize=\dimen257
)
\tikz@lastx=\dimen258
\tikz@lasty=\dimen259
\tikz@lastxsaved=\dimen260
\tikz@lastysaved=\dimen261
\tikz@lastmovetox=\dimen262
\tikz@lastmovetoy=\dimen263
\tikzleveldistance=\dimen264
\tikzsiblingdistance=\dimen265
\tikz@figbox=\box62
\tikz@figbox@bg=\box63
\tikz@tempbox=\box64
\tikz@tempbox@bg=\box65
\tikztreelevel=\count308
\tikznumberofchildren=\count309
\tikznumberofcurrentchild=\count310
\tikz@fig@count=\count311

(/usr/local/texlive/2026/texmf-dist/tex/generic/pgf/modules/pgfmodulematrix.cod
e.tex
File: pgfmodulematrix.code.tex 2025-08-29 v3.1.11a (3.1.11a)
\pgfmatrixcurrentrow=\count312
\pgfmatrixcurrentcolumn=\count313
\pgf@matrix@numberofcolumns=\count314
)
\tikz@expandcount=\count315

(/usr/local/texlive/2026/texmf-dist/tex/generic/pgf/frontendlayer/tikz/librarie
s/tikzlibrarytopaths.code.tex
File: tikzlibrarytopaths.code.tex 2025-08-29 v3.1.11a (3.1.11a)
)))
(/usr/local/texlive/2026/texmf-dist/tex/generic/tikz-cd/tikzlibrarycd.code.tex
(/usr/local/texlive/2026/texmf-dist/tex/generic/pgf/frontendlayer/tikz/librarie
s/tikzlibrarymatrix.code.tex
File: tikzlibrarymatrix.code.tex 2025-08-29 v3.1.11a (3.1.11a)
)
(/usr/local/texlive/2026/texmf-dist/tex/generic/pgf/frontendlayer/tikz/librarie
s/tikzlibraryquotes.code.tex
File: tikzlibraryquotes.code.tex 2025-08-29 v3.1.11a (3.1.11a)
)
(/usr/local/texlive/2026/texmf-dist/tex/generic/pgf/libraries/pgflibraryarrows.
meta.code.tex
File: pgflibraryarrows.meta.code.tex 2025-08-29 v3.1.11a (3.1.11a)
\pgfarrowinset=\dimen266
\pgfarrowlength=\dimen267
\pgfarrowwidth=\dimen268
\pgfarrowlinewidth=\dimen269
)))
(/usr/local/texlive/2026/texmf-dist/tex/latex/hyperref/hyperref.sty
Package: hyperref 2026-01-29 v7.01p Hypertext links for LaTeX

(/usr/local/texlive/2026/texmf-dist/tex/generic/iftex/iftex.sty
Package: iftex 2024/12/12 v1.0g TeX engine tests
)
(/usr/local/texlive/2026/texmf-dist/tex/latex/kvsetkeys/kvsetkeys.sty
Package: kvsetkeys 2022-10-05 v1.19 Key value parser (HO)
)
(/usr/local/texlive/2026/texmf-dist/tex/generic/kvdefinekeys/kvdefinekeys.sty
Package: kvdefinekeys 2019-12-19 v1.6 Define keys (HO)
)
(/usr/local/texlive/2026/texmf-dist/tex/generic/pdfescape/pdfescape.sty
Package: pdfescape 2019/12/09 v1.15 Implements pdfTeX's escape features (HO)

(/usr/local/texlive/2026/texmf-dist/tex/generic/ltxcmds/ltxcmds.sty
Package: ltxcmds 2023-12-04 v1.26 LaTeX kernel commands for general use (HO)
)
(/usr/local/texlive/2026/texmf-dist/tex/generic/pdftexcmds/pdftexcmds.sty
Package: pdftexcmds 2020-06-27 v0.33 Utility functions of pdfTeX for LuaTeX (HO
)

(/usr/local/texlive/2026/texmf-dist/tex/generic/infwarerr/infwarerr.sty
Package: infwarerr 2019/12/03 v1.5 Providing info/warning/error messages (HO)
)
Package pdftexcmds Info: \pdf@primitive is available.
Package pdftexcmds Info: \pdf@ifprimitive is available.
Package pdftexcmds Info: \pdfdraftmode found.
))
(/usr/local/texlive/2026/texmf-dist/tex/latex/hycolor/hycolor.sty
Package: hycolor 2020-01-27 v1.10 Color options for hyperref/bookmark (HO)
)
(/usr/local/texlive/2026/texmf-dist/tex/latex/hyperref/nameref.sty
Package: nameref 2026-01-29 v2.58 Cross-referencing by name of section

(/usr/local/texlive/2026/texmf-dist/tex/latex/refcount/refcount.sty
Package: refcount 2019/12/15 v3.6 Data extraction from label references (HO)
)
(/usr/local/texlive/2026/texmf-dist/tex/generic/gettitlestring/gettitlestring.s
ty
Package: gettitlestring 2019/12/15 v1.6 Cleanup title references (HO)
 (/usr/local/texlive/2026/texmf-dist/tex/latex/kvoptions/kvoptions.sty
Package: kvoptions 2022-06-15 v3.15 Key value format for package options (HO)
))
\c@section@level=\count316
)
(/usr/local/texlive/2026/texmf-dist/tex/latex/etoolbox/etoolbox.sty
Package: etoolbox 2025/10/02 v2.5m e-TeX tools for LaTeX (JAW)
\etb@tempcnta=\count317
)
(/usr/local/texlive/2026/texmf-dist/tex/generic/stringenc/stringenc.sty
Package: stringenc 2019/11/29 v1.12 Convert strings between diff. encodings (HO
)
)
\@linkdim=\dimen270
\Hy@linkcounter=\count318
\Hy@pagecounter=\count319

(/usr/local/texlive/2026/texmf-dist/tex/latex/hyperref/pd1enc.def
File: pd1enc.def 2026-01-29 v7.01p Hyperref: PDFDocEncoding definition (HO)
Now handling font encoding PD1 ...
... no UTF-8 mapping file for font encoding PD1
)
(/usr/local/texlive/2026/texmf-dist/tex/generic/intcalc/intcalc.sty
Package: intcalc 2019/12/15 v1.3 Expandable calculations with integers (HO)
)
\Hy@SavedSpaceFactor=\count320

(/usr/local/texlive/2026/texmf-dist/tex/latex/hyperref/puenc.def
File: puenc.def 2026-01-29 v7.01p Hyperref: PDF Unicode definition (HO)
Now handling font encoding PU ...
... no UTF-8 mapping file for font encoding PU
)
Package hyperref Info: Hyper figures OFF on input line 4201.
Package hyperref Info: Link nesting OFF on input line 4206.
Package hyperref Info: Hyper index ON on input line 4209.
Package hyperref Info: Plain pages OFF on input line 4216.
Package hyperref Info: Backreferencing OFF on input line 4221.
Package hyperref Info: Implicit mode ON; LaTeX internals redefined.
Package hyperref Info: Bookmarks ON on input line 4468.
\c@Hy@tempcnt=\count321

(/usr/local/texlive/2026/texmf-dist/tex/latex/url/url.sty
\Urlmuskip=\muskip18
Package: url 2013/09/16  ver 3.4  Verb mode for urls, etc.
)
LaTeX Info: Redefining \url on input line 4807.
\XeTeXLinkMargin=\dimen271

(/usr/local/texlive/2026/texmf-dist/tex/generic/bitset/bitset.sty
Package: bitset 2019/12/09 v1.3 Handle bit-vector datatype (HO)

(/usr/local/texlive/2026/texmf-dist/tex/generic/bigintcalc/bigintcalc.sty
Package: bigintcalc 2019/12/15 v1.5 Expandable calculations on big integers (HO
)
))
\Fld@menulength=\count322
\Field@Width=\dimen272
\Fld@charsize=\dimen273
Package hyperref Info: Hyper figures OFF on input line 6084.
Package hyperref Info: Link nesting OFF on input line 6089.
Package hyperref Info: Hyper index ON on input line 6092.
Package hyperref Info: backreferencing OFF on input line 6099.
Package hyperref Info: Link coloring OFF on input line 6104.
Package hyperref Info: Link coloring with OCG OFF on input line 6109.
Package hyperref Info: PDF/A mode OFF on input line 6114.
\Hy@abspage=\count323
\c@Item=\count324
\c@Hfootnote=\count325
)
Package hyperref Info: Driver (autodetected): hpdftex.

(/usr/local/texlive/2026/texmf-dist/tex/latex/hyperref/hpdftex.def
File: hpdftex.def 2026-01-29 v7.01p Hyperref driver for pdfTeX
\Fld@listcount=\count326
\c@bookmark@seq@number=\count327

(/usr/local/texlive/2026/texmf-dist/tex/latex/rerunfilecheck/rerunfilecheck.sty
Package: rerunfilecheck 2025-06-21 v1.11 Rerun checks for auxiliary files (HO)

(/usr/local/texlive/2026/texmf-dist/tex/generic/uniquecounter/uniquecounter.sty
Package: uniquecounter 2019/12/15 v1.4 Provide unlimited unique counter (HO)
)
Package uniquecounter Info: New unique counter `rerunfilecheck' on input line 2
84.
)
\Hy@SectionHShift=\skip57
) (/usr/local/texlive/2026/texmf-dist/tex/latex/cleveref/cleveref.sty
Package: cleveref 2018/03/27 v0.21.4 Intelligent cross-referencing
Package cleveref Info: `hyperref' support loaded on input line 2370.
LaTeX Info: Redefining \cref on input line 2370.
LaTeX Info: Redefining \Cref on input line 2370.
LaTeX Info: Redefining \crefrange on input line 2370.
LaTeX Info: Redefining \Crefrange on input line 2370.
LaTeX Info: Redefining \cpageref on input line 2370.
LaTeX Info: Redefining \Cpageref on input line 2370.
LaTeX Info: Redefining \cpagerefrange on input line 2370.
LaTeX Info: Redefining \Cpagerefrange on input line 2370.
LaTeX Info: Redefining \labelcref on input line 2370.
LaTeX Info: Redefining \labelcpageref on input line 2370.
Package cleveref Info: `amsthm' support loaded on input line 3026.
)
==> First Aid for cleveref.sty applied!
(/usr/local/texlive/2026/texmf-dist/tex/latex/everypage/everypage.sty
Package: everypage 2020/10/17 R2.0b Hooks to run on every page


Package everypage Warning: Functionality similar to this package has recently
(everypage)                been implemented in LaTeX. This package is now in
(everypage)                legacy status.
(everypage)                Please, don't use it in new documents and packages.


Package everypage Warning: You appear to be running a version of LaTeX
(everypage)                providing the new functionality.
(everypage)                Doing the best to deliver the original `everypage`
(everypage)                interface on top of it. Strict equivalence is
(everypage)                not possible, breakage may occur.
(everypage)                If truly needed, Use `everypage-1x` to force the
(everypage)                loading of an older code base.

) (/usr/local/texlive/2026/texmf-dist/tex/latex/geometry/geometry.sty
Package: geometry 2026/03/07 v6.0 Page Geometry

(/usr/local/texlive/2026/texmf-dist/tex/generic/iftex/ifvtex.sty
Package: ifvtex 2019/10/25 v1.7 ifvtex legacy package. Use iftex instead.
)
\Gm@cnth=\count328
\Gm@cntv=\count329
\c@Gm@tempcnt=\count330
\Gm@bindingoffset=\dimen274
\Gm@wd@mp=\dimen275
\Gm@odd@mp=\dimen276
\Gm@even@mp=\dimen277
\Gm@layoutwidth=\dimen278
\Gm@layoutheight=\dimen279
\Gm@layouthoffset=\dimen280
\Gm@layoutvoffset=\dimen281
\Gm@dimlist=\toks41
)
(/usr/local/texlive/2026/texmf-dist/tex/latex/enumitem/enumitem.sty
Package: enumitem 2025/02/06 v3.11 Customized lists
\labelindent=\skip58
\enit@outerparindent=\dimen282
\enit@toks=\toks42
\enit@inbox=\box66
\enit@count@id=\count331
\enitdp@description=\count332
)
Package hyperref Info: Option `colorlinks' set `true' on input line 19.
\c@theorem=\count333

(/usr/local/texlive/2026/texmf-dist/tex/latex/l3backend/l3backend-pdftex.def
File: l3backend-pdftex.def 2025-10-09 L3 backend support: PDF output (pdfTeX)
\l__color_backend_stack_int=\count334
)
(./paper-04-rational-dilation-externalization.aux)
\openout1 = `paper-04-rational-dilation-externalization.aux'.

LaTeX Font Info:    Checking defaults for OML/cmm/m/it on input line 77.
LaTeX Font Info:    ... okay on input line 77.
LaTeX Font Info:    Checking defaults for OMS/cmsy/m/n on input line 77.
LaTeX Font Info:    ... okay on input line 77.
LaTeX Font Info:    Checking defaults for OT1/cmr/m/n on input line 77.
LaTeX Font Info:    ... okay on input line 77.
LaTeX Font Info:    Checking defaults for T1/cmr/m/n on input line 77.
LaTeX Font Info:    ... okay on input line 77.
LaTeX Font Info:    Checking defaults for TS1/cmr/m/n on input line 77.
LaTeX Font Info:    ... okay on input line 77.
LaTeX Font Info:    Checking defaults for OMX/cmex/m/n on input line 77.
LaTeX Font Info:    ... okay on input line 77.
LaTeX Font Info:    Checking defaults for U/cmr/m/n on input line 77.
LaTeX Font Info:    ... okay on input line 77.
LaTeX Font Info:    Checking defaults for PD1/pdf/m/n on input line 77.
LaTeX Font Info:    ... okay on input line 77.
LaTeX Font Info:    Checking defaults for PU/pdf/m/n on input line 77.
LaTeX Font Info:    ... okay on input line 77.

(/usr/local/texlive/2026/texmf-dist/tex/context/base/mkii/supp-pdf.mkii
[Loading MPS to PDF converter (version 2006.09.02).]
\scratchcounter=\count335
\scratchdimen=\dimen283
\scratchbox=\box67
\nofMPsegments=\count336
\nofMParguments=\count337
\everyMPshowfont=\toks43
\MPscratchCnt=\count338
\MPscratchDim=\dimen284
\MPnumerator=\count339
\makeMPintoPDFobject=\count340
\everyMPtoPDFconversion=\toks44
) (/usr/local/texlive/2026/texmf-dist/tex/latex/epstopdf-pkg/epstopdf-base.sty
Package: epstopdf-base 2020-01-24 v2.11 Base part for package epstopdf
Package epstopdf-base Info: Redefining graphics rule for `.eps' on input line 4
85.

(/usr/local/texlive/2026/texmf-dist/tex/latex/latexconfig/epstopdf-sys.cfg
File: epstopdf-sys.cfg 2010/07/13 v1.3 Configuration of (r)epstopdf for TeX Liv
e
))
Package hyperref Info: Link coloring ON on input line 77.

(./paper-04-rational-dilation-externalization.out)
(./paper-04-rational-dilation-externalization.out)
\@outlinefile=\write4
\openout4 = `paper-04-rational-dilation-externalization.out'.


*geometry* driver: auto-detecting
*geometry* detected driver: pdftex
*geometry* verbose mode - [ preamble ] result:
* driver: pdftex
* paper: <default>
* layout: <same size as paper>
* layoutoffset:(h,v)=(0.0pt,0.0pt)
* modes: 
* h-part:(L,W,R)=(72.26999pt, 469.75502pt, 72.26999pt)
* v-part:(T,H,B)=(72.26999pt, 650.43001pt, 72.26999pt)
* \paperwidth=614.295pt
* \paperheight=794.96999pt
* \textwidth=469.75502pt
* \textheight=650.43001pt
* \oddsidemargin=0.0pt
* \evensidemargin=0.0pt
* \topmargin=-37.0pt
* \headheight=12.0pt
* \headsep=25.0pt
* \topskip=12.0pt
* \footskip=30.0pt
* \marginparwidth=44.0pt
* \marginparsep=10.0pt
* \columnsep=10.0pt
* \skip\footins=10.8pt plus 4.0pt minus 2.0pt
* \hoffset=0.0pt
* \voffset=0.0pt
* \mag=1000
* \@twocolumnfalse
* \@twosidefalse
* \@mparswitchfalse
* \@reversemarginfalse
* (1in=72.27pt=25.4mm, 1cm=28.453pt)

LaTeX Font Info:    Trying to load font information for U+msa on input line 79.

(/usr/local/texlive/2026/texmf-dist/tex/latex/amsfonts/umsa.fd
File: umsa.fd 2013/01/14 v3.01 AMS symbols A
)
LaTeX Font Info:    Trying to load font information for U+msb on input line 79.


(/usr/local/texlive/2026/texmf-dist/tex/latex/amsfonts/umsb.fd
File: umsb.fd 2013/01/14 v3.01 AMS symbols B
)
Overfull \hbox (14.03874pt too wide) in paragraph at lines 81--98
\OT1/cmr/m/it/10.95 guage \OT1/cmr/m/n/10.95 pro-gram by ex-hibit-ing, for any 
finite-rank reproducing-kernel-Hilbert-space (RKHS)
 []


Overfull \hbox (170.6706pt too wide) detected at line 102
[]  \OT1/cmr/m/n/10.95 :  [] \OML/cmm/m/it/10.95 K[];  S;  R
 []


Overfull \hbox (169.70697pt too wide) in paragraph at lines 102--110
\OT1/cmr/m/n/10.95 relative to a vol5-exposed in-tro-duc-tion rule for the opaq
ue pred-i-cate $[]$,
 []

(./paper-04-rational-dilation-externalization.toc [1{/usr/local/texlive/2026/te
xmf-var/fonts/map/pdftex/updmap/pdftex.map}

] [2])
\tf@toc=\write5
\openout5 = `paper-04-rational-dilation-externalization.toc'.


Overfull \hbox (11.68896pt too wide) in paragraph at lines 158--160
 []\OT1/cmr/bx/n/12 External pic-ture (rational-dilation rep-re-sentable).[] \O
T1/cmr/m/n/12 For each de-tec-tor in-dex $\OML/cmm/m/it/12 i$\OT1/cmr/m/n/12 , 
a presheaf
 []

[3]

LaTeX Warning: Reference `sec:fracpart' on page 1 undefined on input line 179.


LaTeX Warning: Reference `sec:detector' on page 1 undefined on input line 181.


Overfull \hbox (117.01135pt too wide) in paragraph at lines 177--196
\OT1/cmr/m/n/12 ver-sion pa-ram-e-terised by an in-tro-duc-tion rule for the op
aque \OT1/cmtt/m/n/12 DefectDetectedByRationalDilationRepresentable\OT1/cmr/m/n
/12 ,
 []


Package hyperref Warning: Token not allowed in a PDF string (Unicode):
(hyperref)                removing `math shift' on input line 211.


Package hyperref Warning: Token not allowed in a PDF string (Unicode):
(hyperref)                removing `subscript' on input line 211.


Package hyperref Warning: Token not allowed in a PDF string (Unicode):
(hyperref)                removing `math shift' on input line 211.

[4{/usr/local/texlive/2026/texmf-dist/fonts/enc/dvips/cm-super/cm-super-ts1.enc
}]

Package hyperref Warning: Token not allowed in a PDF string (Unicode):
(hyperref)                removing `math shift' on input line 277.


Package hyperref Warning: Token not allowed in a PDF string (Unicode):
(hyperref)                removing `subscript' on input line 277.


Package hyperref Warning: Token not allowed in a PDF string (Unicode):
(hyperref)                removing `math shift' on input line 277.

[5]
Overfull \hbox (92.08498pt too wide) in paragraph at lines 332--338
[]$ \OT1/cmr/m/n/12 and $[]$ to-gether with a dis-tin-guished $[]$. 
 []


Overfull \hbox (87.29031pt too wide) in paragraph at lines 346--351
\OT1/cmr/m/n/12 Vol5 it is recorded as the canon-i-cal $[]$ via $[]$. 
 []

[6] [7]
Overfull \hbox (246.88016pt too wide) in paragraph at lines 510--514
[]$[] [] [] \OMS/cmsy/m/n/12 8\OML/cmm/m/it/12 v; d;  S:[] v d \OMS/cmsy/m/n/12
 ! [] \OML/cmm/m/it/12 K \OT1/cmr/m/n/12 ([] \OML/cmm/m/it/12 d\OT1/cmr/m/n/12 
)$. 
 []


Overfull \hbox (27.24626pt too wide) in paragraph at lines 534--540
\OT1/cmr/m/n/12 pa-ram-e-ter $\OML/cmm/m/it/12 ^^R[] \OT1/cmr/m/n/12 := \OML/cm
m/m/it/12 Q\OT1/cmr/m/n/12 (\OML/cmm/m/it/12 \OT1/cmr/m/n/12 ) \OMS/cmsy/m/n/1
2 2 \OT1/cmr/m/n/12 ^^B$ and the presheaf $y([][](\OML/cmm/m/it/12 ^^R[]\OT1/cm
r/m/n/12 )) \OMS/cmsy/m/n/12 2 []\OT1/cmr/m/n/12 (\OML/cmm/m/it/12 D[]\OT1/cmr/
m/n/12 )$. The $[]$
 []


Package hyperref Warning: Token not allowed in a PDF string (Unicode):
(hyperref)                removing `math shift' on input line 550.


Package hyperref Warning: Token not allowed in a PDF string (Unicode):
(hyperref)                removing `subscript' on input line 550.


Package hyperref Warning: Token not allowed in a PDF string (Unicode):
(hyperref)                removing `math shift' on input line 550.

[8]
Overfull \hbox (71.10016pt too wide) detected at line 583
\OML/cmm/m/it/12 ^^S [] [] \OMS/cmsy/m/n/12 8 \OML/cmm/m/it/12 F \OMS/cmsy/m/n/
12 2 []\OT1/cmr/m/n/12 (\OML/cmm/m/it/12 D[]\OT1/cmr/m/n/12 )\OML/cmm/m/it/12 ;
  [] F \OMS/cmsy/m/n/12 ! [] \OML/cmm/m/it/12 K F;
 []


Overfull \hbox (7.4357pt too wide) in paragraph at lines 583--590
\OT1/cmr/m/n/12 field $[]$ of the struc-ture $[] \OML/cmm/m/it/12 K$\OT1/cmr/m/
n/12 , tak-ing $[] \OML/cmm/m/it/12 F$
 []


Overfull \hbox (30.25725pt too wide) in paragraph at lines 621--623
[]$[]$ \OT1/cmr/m/it/12 is given by $\OML/cmm/m/it/12 ^^S$ \OT1/cmr/m/it/12 ap-
plied to the (triv-ial) Yoneda wit-ness for $\OT1/cmr/m/n/12 y(\OML/cmm/m/it/12
 R:[][]\OT1/cmr/m/n/12 (\OML/cmm/m/it/12 ^^R[]\OT1/cmr/m/n/12 ))$\OT1/cmr/m/it/
12 . 
 []

[9]
Overfull \hbox (26.0833pt too wide) in paragraph at lines 656--660
[]\OT1/cmr/bx/n/12 Definition 3.5 \OT1/cmr/m/n/12 (Empty de-tec-tor)\OT1/cmr/bx
/n/12 . []\OT1/cmr/m/n/12 For any con-densed Hilbert de-fect $\OML/cmm/m/it/12 
K$ \OT1/cmr/m/n/12 such that $\OML/cmm/m/it/12 K:[]$
 []

LaTeX Font Info:    Font shape `OT1/cmss/m/it' in size <12> not available
(Font)              Font shape `OT1/cmss/m/sl' tried instead on input line 675.


Overfull \hbox (7.16403pt too wide) in paragraph at lines 684--686
[]$[] [] [] [] \OMS/cmsy/m/n/12 ! \OML/cmm/m/it/12 R:[]$ \OT1/cmr/m/n/12 -- the
 func-tion out of the empty type, $[]$. 
 []


Overfull \hbox (42.53018pt too wide) in paragraph at lines 698--710
\OT1/cmr/m/n/12 tantly) a con-struc-tor for the opaque pred-i-cate $[]$.
 []

[10]
Overfull \hbox (106.93602pt too wide) in paragraph at lines 718--720
[]\OT1/cmr/m/it/12 the canon-i-cal Burnol/Blaschke con-densed Hilbert de-fect $
\OML/cmm/m/it/12 K[] \OT1/cmr/m/n/12 := []$\OT1/cmr/m/it/12 , 
 []


Overfull \hbox (32.7632pt too wide) in paragraph at lines 722--724
[]\OT1/cmr/m/it/12 a ra-tio-nal di-la-tion ob-ject se-man-tics $\OML/cmm/m/it/1
2 R$ \OT1/cmr/m/it/12 with a des-ig-nated ra-tio-nal pa-ram-e-ter $\OML/cmm/m/i
t/12 ^^R[] \OMS/cmsy/m/n/12 2 \OML/cmm/m/it/12 R:[]$\OT1/cmr/m/it/12 , 
 []


Overfull \hbox (107.30806pt too wide) detected at line 745
[]  \OT1/cmr/m/n/12 :  [] \OMS/cmsy/m/n/12 ! []\OT1/cmr/m/n/12 (\OML/cmm/m/it/1
2 D[]\OT1/cmr/m/n/12 ) \OMS/cmsy/m/n/12 ! []\OML/cmm/m/it/12 :
 []


Overfull \hbox (155.87103pt too wide) in paragraph at lines 753--757
\OT1/cmr/m/n/12 A di-rect \OT1/cmtt/m/n/12 grep \OT1/cmr/m/n/12 of the vol5 sou
rce tree shows that the only ref-er-ences to \OT1/cmtt/m/n/12 DefectDetectedByR
ationalDilationRepresentable
 []


Overfull \hbox (25.70844pt too wide) in paragraph at lines 758--762
\OT1/cmr/m/it/12 con-clu-sion \OT1/cmr/m/n/12 of de-tec-tor ex-ter-nal-iza-tion
 or the \OT1/cmr/m/it/12 nega-tion \OT1/cmr/m/n/12 of de-tec-tion by or-thog-o-
nal presheaves), 
 []

[11]
Overfull \hbox (207.91187pt too wide) detected at line 784
\OML/cmm/m/it/12 ^^S[] [] [] \OMS/cmsy/m/n/12 8\OML/cmm/m/it/12 F \OMS/cmsy/m/n
/12 2 []\OT1/cmr/m/n/12 (\OML/cmm/m/it/12 D[]\OT1/cmr/m/n/12 )\OML/cmm/m/it/12 
;  [] F \OMS/cmsy/m/n/12 ! [] [] \OML/cmm/m/it/12 F\OT1/cmr/m/n/12 ;
 []


Overfull \hbox (121.0769pt too wide) detected at line 791
[] \OML/cmm/m/it/12 K F \OMS/cmsy/m/n/12  []! 9\OML/cmm/m/it/12 v \OMS/cmsy/m/n
/12 2 \OML/cmm/m/it/12 K:[];  [] F [] v
 []


Overfull \hbox (238.0551pt too wide) in paragraph at lines 807--816
\OT1/cmr/m/n/12 The vol5 mod-ule \OT1/cmtt/m/n/12 FiniteRankRKHSDetector.lean \
OT1/cmr/m/n/12 con-tains an anal-o-gous struc-ture \OT1/cmtt/m/n/12 DetectorExt
ernalizationToRationalRepresentables
 []


Overfull \hbox (5.93716pt too wide) in paragraph at lines 807--816
\OT1/cmr/m/n/12 stricted. The two struc-tures are re-lated by the em-bed-ding \
OT1/cmtt/m/n/12 rkhs[]externalization[]of[]finite\OT1/cmr/m/n/12 ,
 []


Overfull \hbox (44.00008pt too wide) in paragraph at lines 826--835
\OT1/cmr/m/n/12 cal role in the No-Phantom Lan-guage: it is the hy-poth-e-sis o
f the \OT1/cmtt/m/n/12 NoPhantomBlaschkeDefectRigidity
 []

[12]
Overfull \hbox (2.65535pt too wide) in paragraph at lines 850--854
\OT1/cmr/m/n/12 The ob-struc-tion mod-ule hands back the trivial-detector ex-te
r-nal-iza-tion the-o-rem (the-o-rem [][]3.6[][])
 []


Overfull \hbox (109.85696pt too wide) in paragraph at lines 862--865
\OT1/cmr/m/n/12 This pro-duces a sorry-free, axiom-free in-hab-i-tant of \OT1/c
mtt/m/n/12 RKHSDetectorExternalizationToRationalRepresentables\OT1/cmr/m/n/12 ,

 []


Overfull \hbox (221.45618pt too wide) in paragraph at lines 873--878
[]\OT1/cmtt/m/n/12 Vol6/RationalDilationExternalization.lean \OT1/cmr/m/n/12 --
 con-tains the prin-ci-pal the-o-rem \OT1/cmtt/m/n/12 burnol[]blaschke[]detecto
r[]externalization
 []


Overfull \hbox (147.81161pt too wide) in paragraph at lines 878--883
\OT1/cmr/m/n/12 ments the ex-ter-nal-iza-tion ob-struc-tion (the-o-rem [][]4.1[
][]) and ex-poses the ex-plicit \OT1/cmtt/m/n/12 ExternalizationObstructionPack
age
 []

[13]
Overfull \hbox (23.49138pt too wide) in paragraph at lines 919--929
\OT1/cmr/m/n/12 empti-ness of $[]$) into $[]$,
 []


Overfull \hbox (86.48793pt too wide) in paragraph at lines 919--929
\OT1/cmr/m/n/12 which def-i-ni-tion-ally un-folds to $[] []$.
 []

[14]
Overfull \hbox (109.4171pt too wide) in paragraph at lines 952--954
\OT1/cmr/m/n/12 The un-con-di-tional ver-sion uses the empty de-tec-tor for the
 canon-i-cal de-fect (un-der \OT1/cmtt/m/n/12 InternalBlaschkeTriviality\OT1/cm
r/m/n/12 ): 
 []


Overfull \hbox (27.60007pt too wide) in paragraph at lines 997--1001
\OT1/cmr/m/n/12 Running \OT1/cmtt/m/n/12 #print axioms \OT1/cmr/m/n/12 on the p
rin-ci-pal the-o-rem \OT1/cmtt/m/n/12 burnol[]blaschke[]detector[]externalizati
on
 []

[15]
Overfull \hbox (35.21054pt too wide) in paragraph at lines 1011--1015
\OT1/cmr/m/n/12 None of \OT1/cmtt/m/n/12 NymanDensity\OT1/cmr/m/n/12 , \OT1/cmt
t/m/n/12 NymanClosure\OT1/cmr/m/n/12 , \OT1/cmtt/m/n/12 ClassicalNymanSpanMelli
nImage\OT1/cmr/m/n/12 , \OT1/cmtt/m/n/12 BurnolFactorization
 []


Overfull \hbox (4.3338pt too wide) in paragraph at lines 1022--1028
\OT1/cmr/m/n/12 together with a \OT1/cmtt/m/n/12 rational[]dilation[]externaliz
ation[]status[]eq \OT1/cmr/m/n/12 the-o-rem prov-ing the string
 []


Overfull \hbox (92.71486pt too wide) in paragraph at lines 1022--1028
\OT1/cmr/m/n/12 is the doc-u-mented sen-tence. The ob-struc-tion mod-ule sim-i-
larly ex-ports \OT1/cmtt/m/n/12 externalization[]obstruction[]status
 []


Overfull \hbox (71.55853pt too wide) in paragraph at lines 1032--1036
\OT1/cmr/m/n/12 The ac-com-pa-ny-ing Haskell pro-gram \OT1/cmtt/m/n/12 haskell/
paper-04-rational-dilation-externalization/Main.hs
 []

[16]
Overfull \hbox (15.43875pt too wide) in paragraph at lines 1087--1090
\OT1/cmr/m/n/12 The driver runs five test cases (con-stant, lin-ear, quadratic 
ker-nels across $\OML/cmm/m/it/12 q \OMS/cmsy/m/n/12 2 f\OT1/cmr/m/n/12 1\OML/c
mm/m/it/12 =\OT1/cmr/m/n/12 3\OML/cmm/m/it/12 ; \OT1/cmr/m/n/12 1\OML/cmm/m/it/
12 =\OT1/cmr/m/n/12 2\OML/cmm/m/it/12 ; \OT1/cmr/m/n/12 2\OML/cmm/m/it/12 =\OT1
/cmr/m/n/12 5\OML/cmm/m/it/12 ; \OT1/cmr/m/n/12 1\OML/cmm/m/it/12 =\OT1/cmr/m/n
/12 4\OMS/cmsy/m/n/12 g$\OT1/cmr/m/n/12 )
 []


Overfull \hbox (116.3806pt too wide) in paragraph at lines 1120--1125
[]\OT1/cmr/bx/n/12 Theorem 8.1 \OT1/cmr/m/n/12 (Con-di-tional ex-ter-nal-iza-ti
on, for-mal)\OT1/cmr/bx/n/12 . []\OT1/cmr/m/it/12 The Lean mod-ule \OT1/cmtt/m/
it/12 Vol6.RationalDilationExternalization
 []


Overfull \hbox (126.15387pt too wide) in paragraph at lines 1120--1125
\OT1/cmr/m/it/12 con-tains a sorry-free proof of the con-di-tional ex-ter-nal-i
za-tion the-o-rem \OT1/cmtt/m/it/12 burnol[]blaschke[]detector[]externalization
\OT1/cmr/m/it/12 ,
 []


Overfull \hbox (90.26976pt too wide) in paragraph at lines 1129--1134
[]\OT1/cmr/bx/n/12 Theorem 8.2 \OT1/cmr/m/n/12 (Triv-ial ex-ter-nal-iza-tion, f
or-mal)\OT1/cmr/bx/n/12 . []\OT1/cmr/m/it/12 The Lean mod-ule \OT1/cmtt/m/it/12
 Vol6.RationalDilationExternalization
 []


Overfull \hbox (123.15399pt too wide) in paragraph at lines 1129--1134
\OT1/cmr/m/it/12 con-tains a sorry-free proof of the un-con-di-tional triv-ial 
ex-ter-nal-iza-tion \OT1/cmtt/m/it/12 burnol[]blaschke[]trivial[]externalizatio
n\OT1/cmr/m/it/12 ,
 []

[17]
Overfull \hbox (268.52502pt too wide) in paragraph at lines 1138--1144
[]\OT1/cmr/bx/n/12 Theorem 8.3 \OT1/cmr/m/n/12 (Ob-struc-tion char-ac-ter-i-za-
tion, for-mal)\OT1/cmr/bx/n/12 . []\OT1/cmr/m/it/12 The Lean mod-ule \OT1/cmtt/
m/it/12 Vol6.Obstruction.RationalDilationExternalizationObstruction
 []


Overfull \hbox (280.06146pt too wide) in paragraph at lines 1150--1155
[]\OT1/cmr/bx/n/12 Theorem 8.4 \OT1/cmr/m/n/12 (Nu-mer-i-cal Mellin pair-ing ag
ree-ment)\OT1/cmr/bx/n/12 . []\OT1/cmr/m/it/12 The Haskell pro-gram \OT1/cmtt/m
/it/12 haskell/paper-04-rational-dilation-externalization/Main.hs\OT1/cmr/m/it/
12 ,
 []


Overfull \hbox (1.90932pt too wide) in paragraph at lines 1162--1169
\OT1/cmr/m/n/12 bridge: once Pa-per 02 pro-duces a finite-rank de-tec-tor $\OML
/cmm/m/it/12 S \OMS/cmsy/m/n/12 2 [] \OT1/cmr/m/n/12 (\OML/cmm/m/it/12 K[]\OT1/
cmr/m/n/12 )$,
 []

[18]
Overfull \hbox (61.41502pt too wide) in paragraph at lines 1221--1223
[]\OT1/cmr/m/n/12 identified the ra-tio-nal di-la-tion pa-ram-e-ter $\OML/cmm/m
/it/12 Q\OT1/cmr/m/n/12 (\OML/cmm/m/it/12 \OT1/cmr/m/n/12 )$ for each de-tec-t
or in-dex, via the Mellin/multiplicative
 []


Overfull \hbox (236.22737pt too wide) in paragraph at lines 1231--1237
\OT1/cmr/m/n/12 The Lean mod-ules \OT1/cmtt/m/n/12 Vol6.RationalDilationExterna
lization \OT1/cmr/m/n/12 and \OT1/cmtt/m/n/12 Vol6.Obstruction.RationalDilation
ExternalizationObstruction
 []


Overfull \hbox (192.59987pt too wide) in paragraph at lines 1231--1237
\OT1/cmr/m/n/12 build cleanly un-der the Vol6 hard rules. The Haskell mod-ule \
OT1/cmtt/m/n/12 haskell/paper-04-rational-dilation-externalization/Main.hs
 []

[19]
Underfull \hbox (badness 10000) in paragraph at lines 1284--1287
[]\OT1/cmr/m/n/12 The math-lib Com-mu-nity, \OT1/cmr/m/it/12 The Lean Math-e-ma
t-i-cal Li-brary\OT1/cmr/m/n/12 . [][]$\OT1/cmtt/m/n/12 https : / /
 []

[20] (./paper-04-rational-dilation-externalization.aux)
 ***********
LaTeX2e <2025-11-01>
L3 programming layer <2026-01-19>
 ***********


LaTeX Warning: There were undefined references.


LaTeX Warning: Label(s) may have changed. Rerun to get cross-references right.

Package rerunfilecheck Info: File `paper-04-rational-dilation-externalization.o
ut' has not changed.
(rerunfilecheck)             Checksum: BC28CCDA12F7C80A44B16E51776AC396;9661.
 ) 
Here is how much of TeX's memory you used:
 24011 strings out of 467525
 461030 string characters out of 5418982
 862766 words of memory out of 5000000
 52411 multiletter control sequences out of 15000+600000
 647878 words of font info for 115 fonts, out of 8000000 for 9000
 1141 hyphenation exceptions out of 8191
 116i,16n,121p,507b,979s stack positions out of 10000i,1000n,20000p,200000b,200000s
</usr/local/texlive/2026/texmf-dist/fonts/type1/public/amsfonts/cm/cmbx10.pfb
></usr/local/texlive/2026/texmf-dist/fonts/type1/public/amsfonts/cm/cmbx12.pfb>
</usr/local/texlive/2026/texmf-dist/fonts/type1/public/amsfonts/cm/cmbxti10.pfb
></usr/local/texlive/2026/texmf-dist/fonts/type1/public/amsfonts/cm/cmex10.pfb>
</usr/local/texlive/2026/texmf-dist/fonts/type1/public/amsfonts/cm/cmitt10.pfb>
</usr/local/texlive/2026/texmf-dist/fonts/type1/public/amsfonts/cm/cmmi10.pfb><
/usr/local/texlive/2026/texmf-dist/fonts/type1/public/amsfonts/cm/cmmi12.pfb></
usr/local/texlive/2026/texmf-dist/fonts/type1/public/amsfonts/cm/cmmi6.pfb></us
r/local/texlive/2026/texmf-dist/fonts/type1/public/amsfonts/cm/cmmi8.pfb></usr/
local/texlive/2026/texmf-dist/fonts/type1/public/amsfonts/cm/cmr10.pfb></usr/lo
cal/texlive/2026/texmf-dist/fonts/type1/public/amsfonts/cm/cmr12.pfb></usr/loca
l/texlive/2026/texmf-dist/fonts/type1/public/amsfonts/cm/cmr17.pfb></usr/local/
texlive/2026/texmf-dist/fonts/type1/public/amsfonts/cm/cmr6.pfb></usr/local/tex
live/2026/texmf-dist/fonts/type1/public/amsfonts/cm/cmr8.pfb></usr/local/texliv
e/2026/texmf-dist/fonts/type1/public/amsfonts/cm/cmss10.pfb></usr/local/texlive
/2026/texmf-dist/fonts/type1/public/amsfonts/cm/cmss12.pfb></usr/local/texlive/
2026/texmf-dist/fonts/type1/public/amsfonts/cm/cmss8.pfb></usr/local/texlive/20
26/texmf-dist/fonts/type1/public/amsfonts/cm/cmssbx10.pfb></usr/local/texlive/2
026/texmf-dist/fonts/type1/public/amsfonts/cm/cmssi12.pfb></usr/local/texlive/2
026/texmf-dist/fonts/type1/public/amsfonts/cm/cmsy10.pfb></usr/local/texlive/20
26/texmf-dist/fonts/type1/public/amsfonts/cm/cmsy8.pfb></usr/local/texlive/2026
/texmf-dist/fonts/type1/public/amsfonts/cm/cmti10.pfb></usr/local/texlive/2026/
texmf-dist/fonts/type1/public/amsfonts/cm/cmti12.pfb></usr/local/texlive/2026/t
exmf-dist/fonts/type1/public/amsfonts/cm/cmtt10.pfb></usr/local/texlive/2026/te
xmf-dist/fonts/type1/public/amsfonts/cm/cmtt12.pfb></usr/local/texlive/2026/tex
mf-dist/fonts/type1/public/amsfonts/cm/cmtt8.pfb></usr/local/texlive/2026/texmf
-dist/fonts/type1/public/amsfonts/symbols/msbm10.pfb></usr/local/texlive/2026/t
exmf-dist/fonts/type1/public/cm-super/sfrm1200.pfb>
Output written on paper-04-rational-dilation-externalization.pdf (20 pages, 396
867 bytes).
PDF statistics:
 618 PDF objects out of 1000 (max. 8388607)
 534 compressed objects within 6 object streams
 138 named destinations out of 1000 (max. 500000)
 405 words of extra memory for PDF output out of 10000 (max. 10000000)

